Sourcing /init-scripts/00-truststore.sh
Sourcing /init-scripts/01-http-proxy.sh
Sourcing /init-scripts/02-import-env-files.sh
- exporting DOLLY_ENVIRONMENT_NAME
- exporting DOLLY_SECURITY_CORS_ORIGINS
- exporting FREG_SECURITY_OIDC_IDP_OPENAM_HOSTURL
- exporting FREG_SECURITY_OIDC_IDP_OPENAM_ISSUERURL
- exporting FREG_SECURITY_OIDC_IDP_OPENAM_JWKSURL
- exporting JIRA_HOST
- exporting PROVIDERS_ARENAFORVALTER_URL
- exporting PROVIDERS_FASTEDATASETT_URL
- exporting PROVIDERS_INSTDATA_URL
- exporting PROVIDERS_KODEVERK_URL
- exporting PROVIDERS_KRRSTUB_URL
- exporting PROVIDERS_NORG2_URL
- exporting PROVIDERS_PDLFORVALTER_URL
- exporting PROVIDERS_PDLPERSON_URL
- exporting PROVIDERS_PENSJON_URL
- exporting PROVIDERS_SIGRUNSTUB_URL
- exporting PROVIDERS_SYNTDATA_URL
- exporting PROVIDERS_TPSF_URL
- exporting PROVIDERS_UDISTUB_URL
- exporting PROVIDERS_AAREGDATA_URL
- exporting STS_TOKEN_PROVIDER_PREPROD
- exporting STS_TOKEN_PROVIDER_TEST
- exporting CREDENTIALS_TEST_USERNAME
- exporting CREDENTIALS_TEST_PASSWORD
- exporting CREDENTIALS_PREPROD_USERNAME
- exporting CREDENTIALS_PREPROD_PASSWORD
- exporting JIRA_USERNAME
- exporting JIRA_PASSWORD
Sourcing /init-scripts/10-appdynamics.sh
Sourcing /init-scripts/import-azure-envs.sh
Attempting to export Azure AD from /var/run/secrets/nais.io/azuread if it exists
+ exec java -XX:+UnlockExperimentalVMOptions -XX:+UseCGroupMemoryLimitForHeap -Djavax.net.ssl.trustStore=/etc/ssl/certs/java/cacerts -Djavax.net.ssl.trustStorePassword=changeme -jar app.jar
09:14:17,920 |-INFO in ch.qos.logback.classic.LoggerContext[default] - Could NOT find resource [logback-test.xml]
09:14:17,921 |-INFO in ch.qos.logback.classic.LoggerContext[default] - Could NOT find resource [logback.groovy]
09:14:17,921 |-INFO in ch.qos.logback.classic.LoggerContext[default] - Found resource [logback.xml] at [jar:file:/app/app.jar!/BOOT-INF/classes!/logback.xml]
09:14:17,935 |-INFO in ch.qos.logback.core.joran.spi.ConfigurationWatchList@50134894 - URL [jar:file:/app/app.jar!/BOOT-INF/classes!/logback.xml] is not of type file
09:14:18,128 |-INFO in ch.qos.logback.classic.joran.action.ConfigurationAction - debug attribute not set
09:14:18,129 |-INFO in ch.qos.logback.core.joran.action.AppenderAction - About to instantiate appender of type [ch.qos.logback.core.ConsoleAppender]
09:14:18,202 |-INFO in ch.qos.logback.core.joran.action.AppenderAction - Naming appender as [stdout_json]
09:14:18,654 |-INFO in ch.qos.logback.core.joran.action.AppenderAction - About to instantiate appender of type [com.papertrailapp.logback.Syslog4jAppender]
09:14:18,655 |-INFO in ch.qos.logback.core.joran.action.AppenderAction - Naming appender as [auditLogger]
09:14:18,725 |-WARN in ch.qos.logback.core.joran.util.beans.BeanDescriptionFactory@2957fcb0 - Class 'org.productivity.java.syslog4j.impl.net.tcp.TCPNetSyslogConfig' contains multiple setters for the same property 'delimiterSequence'.
09:14:18,726 |-WARN in ch.qos.logback.core.joran.util.beans.BeanDescriptionFactory@2957fcb0 - Class 'org.productivity.java.syslog4j.impl.net.tcp.TCPNetSyslogConfig' contains multiple setters for the same property 'splitMessageBeginText'.
09:14:18,726 |-WARN in ch.qos.logback.core.joran.util.beans.BeanDescriptionFactory@2957fcb0 - Class 'org.productivity.java.syslog4j.impl.net.tcp.TCPNetSyslogConfig' contains multiple setters for the same property 'splitMessageEndText'.
09:14:18,726 |-WARN in ch.qos.logback.core.joran.util.beans.BeanDescriptionFactory@2957fcb0 - Class 'org.productivity.java.syslog4j.impl.net.tcp.TCPNetSyslogConfig' contains multiple setters for the same property 'facility'.
09:14:18,730 |-INFO in ch.qos.logback.classic.joran.action.RootLoggerAction - Setting level of ROOT logger to INFO
09:14:18,730 |-INFO in ch.qos.logback.core.joran.action.AppenderRefAction - Attaching appender named [stdout_json] to Logger[ROOT]
09:14:18,731 |-INFO in ch.qos.logback.classic.joran.action.LoggerAction - Setting level of logger [no.nav.dolly-backend] to INFO
09:14:18,731 |-INFO in ch.qos.logback.classic.joran.action.LoggerAction - Setting level of logger [org.springframework] to INFO
09:14:18,731 |-INFO in ch.qos.logback.classic.joran.action.LoggerAction - Setting level of logger [auditLogger] to INFO
09:14:18,731 |-INFO in ch.qos.logback.classic.joran.action.LoggerAction - Setting additivity of logger [auditLogger] to false
09:14:18,731 |-INFO in ch.qos.logback.core.joran.action.AppenderRefAction - Attaching appender named [auditLogger] to Logger[auditLogger]
09:14:18,731 |-INFO in ch.qos.logback.classic.joran.action.ConfigurationAction - End of configuration.
09:14:18,732 |-INFO in ch.qos.logback.classic.joran.JoranConfigurator@1376c05c - Registering current configuration as safe fallback point

{"@timestamp":"2020-02-20T09:14:25.539+01:00","@version":"1","message":"Bean 'org.springframework.cloud.autoconfigure.ConfigurationPropertiesRebinderAutoConfiguration' of type [org.springframework.cloud.autoconfigure.ConfigurationPropertiesRebinderAutoConfiguration] is not eligible for getting processed by all BeanPostProcessors (for example: not eligible for auto-proxying)","logger_name":"org.springframework.context.support.PostProcessorRegistrationDelegate$BeanPostProcessorChecker","thread_name":"main","level":"INFO","level_value":20000}

  .   ____          _            __ _ _
 /\\ / ___'_ __ _ _(_)_ __  __ _ \ \ \ \
( ( )\___ | '_ | '_| | '_ \/ _` | \ \ \ \
 \\/  ___)| |_)| | | | | || (_| |  ) ) ) )
  '  |____| .__|_| |_|_| |_\__, | / / / /
 =========|_|==============|___/=/_/_/_/
 :: Spring Boot ::        (v2.2.4.RELEASE)

{"@timestamp":"2020-02-20T09:14:26.410+01:00","@version":"1","message":"No active profile set, falling back to default profiles: default","logger_name":"no.nav.dolly.ApplicationStarter","thread_name":"main","level":"INFO","level_value":20000}
{"@timestamp":"2020-02-20T09:14:30.618+01:00","@version":"1","message":"Bootstrapping Spring Data JPA repositories in DEFAULT mode.","logger_name":"org.springframework.data.repository.config.RepositoryConfigurationDelegate","thread_name":"main","level":"INFO","level_value":20000}
{"@timestamp":"2020-02-20T09:14:30.903+01:00","@version":"1","message":"Finished Spring Data repository scanning in 275ms. Found 6 JPA repository interfaces.","logger_name":"org.springframework.data.repository.config.RepositoryConfigurationDelegate","thread_name":"main","level":"INFO","level_value":20000}
{"@timestamp":"2020-02-20T09:14:31.836+01:00","@version":"1","message":"BeanFactory id=8a6c14e7-17b1-3a99-a9a7-8d4c4335139f","logger_name":"org.springframework.cloud.context.scope.GenericScope","thread_name":"main","level":"INFO","level_value":20000}
{"@timestamp":"2020-02-20T09:14:32.908+01:00","@version":"1","message":"Bean 'asyncConfig' of type [no.nav.dolly.config.AsyncConfig$$EnhancerBySpringCGLIB$$e3d6bb0a] is not eligible for getting processed by all BeanPostProcessors (for example: not eligible for auto-proxying)","logger_name":"org.springframework.context.support.PostProcessorRegistrationDelegate$BeanPostProcessorChecker","thread_name":"main","level":"INFO","level_value":20000}
{"@timestamp":"2020-02-20T09:14:33.114+01:00","@version":"1","message":"Bean 'org.springframework.transaction.annotation.ProxyTransactionManagementConfiguration' of type [org.springframework.transaction.annotation.ProxyTransactionManagementConfiguration] is not eligible for getting processed by all BeanPostProcessors (for example: not eligible for auto-proxying)","logger_name":"org.springframework.context.support.PostProcessorRegistrationDelegate$BeanPostProcessorChecker","thread_name":"main","level":"INFO","level_value":20000}
{"@timestamp":"2020-02-20T09:14:33.210+01:00","@version":"1","message":"Bean 'loggingConfig' of type [no.nav.dolly.config.LoggingConfig$$EnhancerBySpringCGLIB$$dca7780d] is not eligible for getting processed by all BeanPostProcessors (for example: not eligible for auto-proxying)","logger_name":"org.springframework.context.support.PostProcessorRegistrationDelegate$BeanPostProcessorChecker","thread_name":"main","level":"INFO","level_value":20000}
{"@timestamp":"2020-02-20T09:14:33.215+01:00","@version":"1","message":"Bean 'logExceptionsMethodInterceptor' of type [no.nav.freg.spring.boot.starters.log.exceptions.LogExceptionsMethodInterceptor] is not eligible for getting processed by all BeanPostProcessors (for example: not eligible for auto-proxying)","logger_name":"org.springframework.context.support.PostProcessorRegistrationDelegate$BeanPostProcessorChecker","thread_name":"main","level":"INFO","level_value":20000}
{"@timestamp":"2020-02-20T09:14:33.216+01:00","@version":"1","message":"Bean 'logExceptionsPointcutAdvisor' of type [no.nav.freg.spring.boot.starters.log.exceptions.LogExceptionsPointcutAdvisor] is not eligible for getting processed by all BeanPostProcessors (for example: not eligible for auto-proxying)","logger_name":"org.springframework.context.support.PostProcessorRegistrationDelegate$BeanPostProcessorChecker","thread_name":"main","level":"INFO","level_value":20000}
{"@timestamp":"2020-02-20T09:14:33.216+01:00","@version":"1","message":"Bean 'org.springframework.boot.actuate.autoconfigure.metrics.export.prometheus.PrometheusMetricsExportAutoConfiguration' of type [org.springframework.boot.actuate.autoconfigure.metrics.export.prometheus.PrometheusMetricsExportAutoConfiguration] is not eligible for getting processed by all BeanPostProcessors (for example: not eligible for auto-proxying)","logger_name":"org.springframework.context.support.PostProcessorRegistrationDelegate$BeanPostProcessorChecker","thread_name":"main","level":"INFO","level_value":20000}
{"@timestamp":"2020-02-20T09:14:33.302+01:00","@version":"1","message":"Bean 'org.springframework.boot.autoconfigure.flyway.FlywayAutoConfiguration' of type [org.springframework.boot.autoconfigure.flyway.FlywayAutoConfiguration] is not eligible for getting processed by all BeanPostProcessors (for example: not eligible for auto-proxying)","logger_name":"org.springframework.context.support.PostProcessorRegistrationDelegate$BeanPostProcessorChecker","thread_name":"main","level":"INFO","level_value":20000}
{"@timestamp":"2020-02-20T09:14:33.304+01:00","@version":"1","message":"Bean 'stringOrNumberMigrationVersionConverter' of type [org.springframework.boot.autoconfigure.flyway.FlywayAutoConfiguration$StringOrNumberToMigrationVersionConverter] is not eligible for getting processed by all BeanPostProcessors (for example: not eligible for auto-proxying)","logger_name":"org.springframework.context.support.PostProcessorRegistrationDelegate$BeanPostProcessorChecker","thread_name":"main","level":"INFO","level_value":20000}
{"@timestamp":"2020-02-20T09:14:33.413+01:00","@version":"1","message":"Bean 'management.metrics.export.prometheus-org.springframework.boot.actuate.autoconfigure.metrics.export.prometheus.PrometheusProperties' of type [org.springframework.boot.actuate.autoconfigure.metrics.export.prometheus.PrometheusProperties] is not eligible for getting processed by all BeanPostProcessors (for example: not eligible for auto-proxying)","logger_name":"org.springframework.context.support.PostProcessorRegistrationDelegate$BeanPostProcessorChecker","thread_name":"main","level":"INFO","level_value":20000}
{"@timestamp":"2020-02-20T09:14:33.503+01:00","@version":"1","message":"Bean 'prometheusConfig' of type [org.springframework.boot.actuate.autoconfigure.metrics.export.prometheus.PrometheusPropertiesConfigAdapter] is not eligible for getting processed by all BeanPostProcessors (for example: not eligible for auto-proxying)","logger_name":"org.springframework.context.support.PostProcessorRegistrationDelegate$BeanPostProcessorChecker","thread_name":"main","level":"INFO","level_value":20000}
{"@timestamp":"2020-02-20T09:14:33.506+01:00","@version":"1","message":"Bean 'collectorRegistry' of type [io.prometheus.client.CollectorRegistry] is not eligible for getting processed by all BeanPostProcessors (for example: not eligible for auto-proxying)","logger_name":"org.springframework.context.support.PostProcessorRegistrationDelegate$BeanPostProcessorChecker","thread_name":"main","level":"INFO","level_value":20000}
{"@timestamp":"2020-02-20T09:14:33.508+01:00","@version":"1","message":"Bean 'org.springframework.boot.actuate.autoconfigure.metrics.MetricsAutoConfiguration' of type [org.springframework.boot.actuate.autoconfigure.metrics.MetricsAutoConfiguration] is not eligible for getting processed by all BeanPostProcessors (for example: not eligible for auto-proxying)","logger_name":"org.springframework.context.support.PostProcessorRegistrationDelegate$BeanPostProcessorChecker","thread_name":"main","level":"INFO","level_value":20000}
{"@timestamp":"2020-02-20T09:14:33.510+01:00","@version":"1","message":"Bean 'micrometerClock' of type [io.micrometer.core.instrument.Clock$1] is not eligible for getting processed by all BeanPostProcessors (for example: not eligible for auto-proxying)","logger_name":"org.springframework.context.support.PostProcessorRegistrationDelegate$BeanPostProcessorChecker","thread_name":"main","level":"INFO","level_value":20000}
{"@timestamp":"2020-02-20T09:14:33.610+01:00","@version":"1","message":"Bean 'prometheusMeterRegistry' of type [io.micrometer.prometheus.PrometheusMeterRegistry] is not eligible for getting processed by all BeanPostProcessors (for example: not eligible for auto-proxying)","logger_name":"org.springframework.context.support.PostProcessorRegistrationDelegate$BeanPostProcessorChecker","thread_name":"main","level":"INFO","level_value":20000}
{"@timestamp":"2020-02-20T09:14:33.613+01:00","@version":"1","message":"Bean 'timedMethodInterceptor' of type [no.nav.dolly.metrics.TimedMethodInterceptor] is not eligible for getting processed by all BeanPostProcessors (for example: not eligible for auto-proxying)","logger_name":"org.springframework.context.support.PostProcessorRegistrationDelegate$BeanPostProcessorChecker","thread_name":"main","level":"INFO","level_value":20000}
{"@timestamp":"2020-02-20T09:14:33.613+01:00","@version":"1","message":"Bean 'timedPointcutAdvisor' of type [no.nav.dolly.metrics.TimedPointcutAdvisor] is not eligible for getting processed by all BeanPostProcessors (for example: not eligible for auto-proxying)","logger_name":"org.springframework.context.support.PostProcessorRegistrationDelegate$BeanPostProcessorChecker","thread_name":"main","level":"INFO","level_value":20000}
{"@timestamp":"2020-02-20T09:14:33.711+01:00","@version":"1","message":"Bean 'org.springframework.cloud.autoconfigure.ConfigurationPropertiesRebinderAutoConfiguration' of type [org.springframework.cloud.autoconfigure.ConfigurationPropertiesRebinderAutoConfiguration] is not eligible for getting processed by all BeanPostProcessors (for example: not eligible for auto-proxying)","logger_name":"org.springframework.context.support.PostProcessorRegistrationDelegate$BeanPostProcessorChecker","thread_name":"main","level":"INFO","level_value":20000}
{"@timestamp":"2020-02-20T09:14:36.218+01:00","@version":"1","message":"Tomcat initialized with port(s): 8080 (http)","logger_name":"org.springframework.boot.web.embedded.tomcat.TomcatWebServer","thread_name":"main","level":"INFO","level_value":20000}
{"@timestamp":"2020-02-20T09:14:36.406+01:00","@version":"1","message":"Initializing ProtocolHandler [\"http-nio-8080\"]","logger_name":"org.apache.coyote.http11.Http11NioProtocol","thread_name":"main","level":"INFO","level_value":20000}
{"@timestamp":"2020-02-20T09:14:36.407+01:00","@version":"1","message":"Starting service [Tomcat]","logger_name":"org.apache.catalina.core.StandardService","thread_name":"main","level":"INFO","level_value":20000}
{"@timestamp":"2020-02-20T09:14:36.408+01:00","@version":"1","message":"Starting Servlet engine: [Apache Tomcat/9.0.30]","logger_name":"org.apache.catalina.core.StandardEngine","thread_name":"main","level":"INFO","level_value":20000}
{"@timestamp":"2020-02-20T09:14:37.505+01:00","@version":"1","message":"Initializing Spring embedded WebApplicationContext","logger_name":"org.apache.catalina.core.ContainerBase.[Tomcat].[localhost].[/]","thread_name":"main","level":"INFO","level_value":20000}
{"@timestamp":"2020-02-20T09:14:37.505+01:00","@version":"1","message":"Root WebApplicationContext: initialization completed in 10990 ms","logger_name":"org.springframework.web.context.ContextLoader","thread_name":"main","level":"INFO","level_value":20000}
{"@timestamp":"2020-02-20T09:14:39.812+01:00","@version":"1","message":"Flyway Community Edition 6.0.8 by Redgate","logger_name":"org.flywaydb.core.internal.license.VersionPrinter","thread_name":"main","level":"INFO","level_value":20000}
{"@timestamp":"2020-02-20T09:14:40.707+01:00","@version":"1","message":"HikariPool-1 - Starting...","logger_name":"com.zaxxer.hikari.HikariDataSource","thread_name":"main","level":"INFO","level_value":20000}
{"@timestamp":"2020-02-20T09:14:42.403+01:00","@version":"1","message":"HikariPool-1 - Start completed.","logger_name":"com.zaxxer.hikari.HikariDataSource","thread_name":"main","level":"INFO","level_value":20000}
{"@timestamp":"2020-02-20T09:14:42.421+01:00","@version":"1","message":"Database: jdbc:oracle:thin:@(DESCRIPTION=(ADDRESS_LIST=(ADDRESS=(PROTOCOL=TCP)(HOST=a01dbfl032.adeo.no)(PORT=1521)))(CONNECT_DATA=(SERVICE_NAME=DOLLY_Q1)(INSTANCE_NAME=cf19qb)(UR=A)(SERVER=DEDICATED))) (Oracle 19.0)","logger_name":"org.flywaydb.core.internal.database.DatabaseFactory","thread_name":"main","level":"INFO","level_value":20000}
{"@timestamp":"2020-02-20T09:14:43.522+01:00","@version":"1","message":"Successfully validated 32 migrations (execution time 00:00.217s)","logger_name":"org.flywaydb.core.internal.command.DbValidate","thread_name":"main","level":"INFO","level_value":20000}
{"@timestamp":"2020-02-20T09:14:43.546+01:00","@version":"1","message":"Current version of schema \"DOLLY_Q1\": 3.8.0","logger_name":"org.flywaydb.core.internal.command.DbMigrate","thread_name":"main","level":"INFO","level_value":20000}
{"@timestamp":"2020-02-20T09:14:43.608+01:00","@version":"1","message":"Migrating schema \"DOLLY_Q1\" to version 3.8.1 - KorreksjonPaRettingAvSigrunBestilling","logger_name":"org.flywaydb.core.internal.command.DbMigrate","thread_name":"main","level":"INFO","level_value":20000}
{"@timestamp":"2020-02-20T09:14:43.728+01:00","@version":"1","message":"Successfully applied 1 migration to schema \"DOLLY_Q1\" (execution time 00:00.189s)","logger_name":"org.flywaydb.core.internal.command.DbMigrate","thread_name":"main","level":"INFO","level_value":20000}
{"@timestamp":"2020-02-20T09:14:44.303+01:00","@version":"1","message":"HHH000204: Processing PersistenceUnitInfo [name: default]","logger_name":"org.hibernate.jpa.internal.util.LogHelper","thread_name":"main","level":"INFO","level_value":20000}
{"@timestamp":"2020-02-20T09:14:44.530+01:00","@version":"1","message":"HHH000412: Hibernate Core {5.4.10.Final}","logger_name":"org.hibernate.Version","thread_name":"main","level":"INFO","level_value":20000}
{"@timestamp":"2020-02-20T09:14:44.858+01:00","@version":"1","message":"HCANN000001: Hibernate Commons Annotations {5.1.0.Final}","logger_name":"org.hibernate.annotations.common.Version","thread_name":"main","level":"INFO","level_value":20000}
{"@timestamp":"2020-02-20T09:14:45.104+01:00","@version":"1","message":"HHH000400: Using dialect: org.hibernate.dialect.Oracle12cDialect","logger_name":"org.hibernate.dialect.Dialect","thread_name":"main","level":"INFO","level_value":20000}
{"@timestamp":"2020-02-20T09:14:46.923+01:00","@version":"1","message":"HHH000490: Using JtaPlatform implementation: [org.hibernate.engine.transaction.jta.platform.internal.NoJtaPlatform]","logger_name":"org.hibernate.engine.transaction.jta.platform.internal.JtaPlatformInitiator","thread_name":"main","level":"INFO","level_value":20000}
{"@timestamp":"2020-02-20T09:14:46.931+01:00","@version":"1","message":"Initialized JPA EntityManagerFactory for persistence unit 'default'","logger_name":"org.springframework.orm.jpa.LocalContainerEntityManagerFactoryBean","thread_name":"main","level":"INFO","level_value":20000}
{"@timestamp":"2020-02-20T09:14:53.218+01:00","@version":"1","message":"spring.jpa.open-in-view is enabled by default. Therefore, database queries may be performed during view rendering. Explicitly configure spring.jpa.open-in-view to disable this warning","logger_name":"org.springframework.boot.autoconfigure.orm.jpa.JpaBaseConfiguration$JpaWebConfiguration","thread_name":"main","level":"WARN","level_value":30000}
{"@timestamp":"2020-02-20T09:14:53.904+01:00","@version":"1","message":"Exposing 2 endpoint(s) beneath base path '/internal'","logger_name":"org.springframework.boot.actuate.endpoint.web.EndpointLinksResolver","thread_name":"main","level":"INFO","level_value":20000}
{"@timestamp":"2020-02-20T09:14:54.602+01:00","@version":"1","message":"Mapped URL path [/internal/swagger-spec] onto method [springfox.documentation.swagger2.web.Swagger2Controller#getDocumentation(String, HttpServletRequest)]","logger_name":"springfox.documentation.spring.web.PropertySourcedRequestMappingHandlerMapping","thread_name":"main","level":"INFO","level_value":20000}
{"@timestamp":"2020-02-20T09:14:54.814+01:00","@version":"1","message":"Initializing ExecutorService 'applicationTaskExecutor'","logger_name":"org.springframework.scheduling.concurrent.ThreadPoolTaskExecutor","thread_name":"main","level":"INFO","level_value":20000}
{"@timestamp":"2020-02-20T09:14:56.302+01:00","@version":"1","message":"Registering Identity provider: openam","logger_name":"no.nav.freg.security.oidc.idp.config.IdpConfig","thread_name":"main","level":"INFO","level_value":20000}
{"@timestamp":"2020-02-20T09:14:56.309+01:00","@version":"1","message":"Using Jose4jOidcValidator for Oidc validation","logger_name":"no.nav.freg.security.oidc.idp.validation.jose4j.Jose4jValidationConfig","thread_name":"main","level":"INFO","level_value":20000}
{"@timestamp":"2020-02-20T09:14:56.907+01:00","@version":"1","message":"Token extractor from header enabled. Header name and format: Authorization: Bearer [Token]","logger_name":"no.nav.freg.security.oidc.auth.idtoken.extract.TokenExtractorConfig","thread_name":"main","level":"INFO","level_value":20000}
{"@timestamp":"2020-02-20T09:14:56.910+01:00","@version":"1","message":"Using Basic Id-Token Validation strategy.","logger_name":"no.nav.freg.security.oidc.auth.idtoken.IdTokenConfig","thread_name":"main","level":"INFO","level_value":20000}
{"@timestamp":"2020-02-20T09:14:59.219+01:00","@version":"1","message":"Authentication using OIDC Enabled. Using filter: no.nav.freg.security.oidc.auth.idtoken.IdTokenAuthenticationFilter","logger_name":"no.nav.freg.security.oidc.auth.idtoken.IdTokenHttpSecurityConfig","thread_name":"main","level":"INFO","level_value":20000}
{"@timestamp":"2020-02-20T09:14:59.307+01:00","@version":"1","message":"Web security ignoring path: /swagger/**","logger_name":"no.nav.freg.security.oidc.auth.OidcWebSecurityConfig","thread_name":"main","level":"INFO","level_value":20000}
{"@timestamp":"2020-02-20T09:14:59.308+01:00","@version":"1","message":"Web security ignoring path: /internal/**","logger_name":"no.nav.freg.security.oidc.auth.OidcWebSecurityConfig","thread_name":"main","level":"INFO","level_value":20000}
{"@timestamp":"2020-02-20T09:14:59.308+01:00","@version":"1","message":"Web security ignoring path: /sysdoc/**","logger_name":"no.nav.freg.security.oidc.auth.OidcWebSecurityConfig","thread_name":"main","level":"INFO","level_value":20000}
{"@timestamp":"2020-02-20T09:14:59.308+01:00","@version":"1","message":"Web security ignoring path: /swagger-resources/**","logger_name":"no.nav.freg.security.oidc.auth.OidcWebSecurityConfig","thread_name":"main","level":"INFO","level_value":20000}
{"@timestamp":"2020-02-20T09:14:59.309+01:00","@version":"1","message":"Web security ignoring path: /swagger-ui.html","logger_name":"no.nav.freg.security.oidc.auth.OidcWebSecurityConfig","thread_name":"main","level":"INFO","level_value":20000}
{"@timestamp":"2020-02-20T09:14:59.309+01:00","@version":"1","message":"Web security ignoring path: /webjars/**","logger_name":"no.nav.freg.security.oidc.auth.OidcWebSecurityConfig","thread_name":"main","level":"INFO","level_value":20000}
{"@timestamp":"2020-02-20T09:14:59.309+01:00","@version":"1","message":"Web security ignoring path: /api","logger_name":"no.nav.freg.security.oidc.auth.OidcWebSecurityConfig","thread_name":"main","level":"INFO","level_value":20000}
{"@timestamp":"2020-02-20T09:14:59.310+01:00","@version":"1","message":"Creating filter chain: Ant [pattern='/swagger/**'], []","logger_name":"org.springframework.security.web.DefaultSecurityFilterChain","thread_name":"main","level":"INFO","level_value":20000}
{"@timestamp":"2020-02-20T09:14:59.310+01:00","@version":"1","message":"Creating filter chain: Ant [pattern='/internal/**'], []","logger_name":"org.springframework.security.web.DefaultSecurityFilterChain","thread_name":"main","level":"INFO","level_value":20000}
{"@timestamp":"2020-02-20T09:14:59.310+01:00","@version":"1","message":"Creating filter chain: Ant [pattern='/sysdoc/**'], []","logger_name":"org.springframework.security.web.DefaultSecurityFilterChain","thread_name":"main","level":"INFO","level_value":20000}
{"@timestamp":"2020-02-20T09:14:59.310+01:00","@version":"1","message":"Creating filter chain: Ant [pattern='/swagger-resources/**'], []","logger_name":"org.springframework.security.web.DefaultSecurityFilterChain","thread_name":"main","level":"INFO","level_value":20000}
{"@timestamp":"2020-02-20T09:14:59.310+01:00","@version":"1","message":"Creating filter chain: Ant [pattern='/swagger-ui.html'], []","logger_name":"org.springframework.security.web.DefaultSecurityFilterChain","thread_name":"main","level":"INFO","level_value":20000}
{"@timestamp":"2020-02-20T09:14:59.310+01:00","@version":"1","message":"Creating filter chain: Ant [pattern='/webjars/**'], []","logger_name":"org.springframework.security.web.DefaultSecurityFilterChain","thread_name":"main","level":"INFO","level_value":20000}
{"@timestamp":"2020-02-20T09:14:59.310+01:00","@version":"1","message":"Creating filter chain: Ant [pattern='/api'], []","logger_name":"org.springframework.security.web.DefaultSecurityFilterChain","thread_name":"main","level":"INFO","level_value":20000}
{"@timestamp":"2020-02-20T09:14:59.510+01:00","@version":"1","message":"Creating filter chain: Ant [pattern='/**'], [org.springframework.security.web.context.request.async.WebAsyncManagerIntegrationFilter@1ecfcbc9, org.springframework.security.web.context.SecurityContextPersistenceFilter@2032e725, org.springframework.security.web.header.HeaderWriterFilter@989da1, org.springframework.web.filter.CorsFilter@1965539b, org.springframework.security.web.authentication.logout.LogoutFilter@55b8dbda, no.nav.freg.security.oidc.auth.idtoken.IdTokenAuthenticationFilter@2fc07784, org.springframework.security.web.savedrequest.RequestCacheAwareFilter@383f1975, org.springframework.security.web.servletapi.SecurityContextHolderAwareRequestFilter@26dcd8c0, org.springframework.security.web.authentication.AnonymousAuthenticationFilter@353efdbf, org.springframework.security.web.session.SessionManagementFilter@3eed0f5, org.springframework.security.web.access.ExceptionTranslationFilter@562c877a, org.springframework.security.web.access.intercept.FilterSecurityInterceptor@af78c87]","logger_name":"org.springframework.security.web.DefaultSecurityFilterChain","thread_name":"main","level":"INFO","level_value":20000}
{"@timestamp":"2020-02-20T09:15:00.122+01:00","@version":"1","message":"Context refreshed","logger_name":"springfox.documentation.spring.web.plugins.DocumentationPluginsBootstrapper","thread_name":"main","level":"INFO","level_value":20000}
{"@timestamp":"2020-02-20T09:15:00.213+01:00","@version":"1","message":"Found 1 custom documentation plugin(s)","logger_name":"springfox.documentation.spring.web.plugins.DocumentationPluginsBootstrapper","thread_name":"main","level":"INFO","level_value":20000}
{"@timestamp":"2020-02-20T09:15:00.312+01:00","@version":"1","message":"Scanning for api listing references","logger_name":"springfox.documentation.spring.web.scanners.ApiListingReferenceScanner","thread_name":"main","level":"INFO","level_value":20000}
{"@timestamp":"2020-02-20T09:15:02.035+01:00","@version":"1","message":"Starting ProtocolHandler [\"http-nio-8080\"]","logger_name":"org.apache.coyote.http11.Http11NioProtocol","thread_name":"main","level":"INFO","level_value":20000}
{"@timestamp":"2020-02-20T09:15:02.120+01:00","@version":"1","message":"Tomcat started on port(s): 8080 (http) with context path ''","logger_name":"org.springframework.boot.web.embedded.tomcat.TomcatWebServer","thread_name":"main","level":"INFO","level_value":20000}
{"@timestamp":"2020-02-20T09:15:02.122+01:00","@version":"1","message":"Started ApplicationStarter in 43.153 seconds (JVM running for 44.629)","logger_name":"no.nav.dolly.ApplicationStarter","thread_name":"main","level":"INFO","level_value":20000}
{"@timestamp":"2020-02-20T09:15:02.816+01:00","@version":"1","message":"Initializing Spring DispatcherServlet 'dispatcherServlet'","logger_name":"org.apache.catalina.core.ContainerBase.[Tomcat].[localhost].[/]","thread_name":"http-nio-8080-exec-1","level":"INFO","level_value":20000}
{"@timestamp":"2020-02-20T09:15:02.816+01:00","@version":"1","message":"Initializing Servlet 'dispatcherServlet'","logger_name":"org.springframework.web.servlet.DispatcherServlet","thread_name":"http-nio-8080-exec-1","level":"INFO","level_value":20000}
{"@timestamp":"2020-02-20T09:15:02.823+01:00","@version":"1","message":"Completed initialization in 7 ms","logger_name":"org.springframework.web.servlet.DispatcherServlet","thread_name":"http-nio-8080-exec-1","level":"INFO","level_value":20000}
{"@timestamp":"2020-02-20T09:24:04.732+01:00","@version":"1","message":"{(personId: 26085225668),(meldingstype: InnvandringOpprettingsmelding),(miljoer: <t4=OK>,)} END","logger_name":"no.nav.dolly.bestilling.service.DollyBestillingService","thread_name":"pool-1-thread-1","level":"INFO","level_value":20000}
